[debug] [2021-02-07T01:50:47.659Z] ----------------------------------------------------------------------
[debug] [2021-02-07T01:50:47.661Z] Command:       C:\Program Files\nodejs\node.exe C:\Program Files\nodejs\node_modules\firebase-tools\lib\bin\firebase.js init
[debug] [2021-02-07T01:50:47.661Z] CLI Version:   9.3.0
[debug] [2021-02-07T01:50:47.661Z] Platform:      win32
[debug] [2021-02-07T01:50:47.661Z] Node Version:  v15.5.1
[debug] [2021-02-07T01:50:47.662Z] Time:          Sat Feb 06 2021 19:50:47 GMT-0600 (GMT-06:00)
[debug] [2021-02-07T01:50:47.662Z] ----------------------------------------------------------------------
[debug] [2021-02-07T01:50:47.662Z] 
[debug] [2021-02-07T01:50:47.672Z] >>> [apiv2][query] GET https://firebase-public.firebaseio.com/cli.json [none]
[debug] [2021-02-07T01:50:47.702Z] > command requires scopes: ["email","openid","https://www.googleapis.com/auth/cloudplatformprojects.readonly","https://www.googleapis.com/auth/firebase","https://www.googleapis.com/auth/cloud-platform"]
[debug] [2021-02-07T01:50:47.703Z] > authorizing via signed-in user
[info] 
     ######## #### ########  ######## ########     ###     ######  ########
     ##        ##  ##     ## ##       ##     ##  ##   ##  ##       ##
     ######    ##  ########  ######   ########  #########  ######  ######
     ##        ##  ##    ##  ##       ##     ## ##     ##       ## ##
     ##       #### ##     ## ######## ########  ##     ##  ######  ########

You're about to initialize a Firebase project in this directory:

  C:\Users\Ryan\documents\fireship-blog

[debug] [2021-02-07T01:50:47.870Z] <<< [apiv2][status] GET https://firebase-public.firebaseio.com/cli.json 200
[debug] [2021-02-07T01:50:47.871Z] <<< [apiv2][body] GET https://firebase-public.firebaseio.com/cli.json {"cloudBuildErrorAfter":1594252800000,"cloudBuildWarnAfter":1590019200000,"defaultNode10After":1594252800000,"minVersion":"3.0.5","node8DeploysDisabledAfter":1613390400000,"node8RuntimeDisabledAfter":1615809600000,"node8WarnAfter":1600128000000}
